<?xml version="1.0" encoding="UTF-8"?>
<testng-results ignored="0" total="5" passed="4" failed="1" skipped="0">
  <reporter-output>
  </reporter-output>
  <suite started-at="2021-09-18T18:19:49 AEST" name="Command line suite" finished-at="2021-09-18T18:20:09 AEST" duration-ms="19797">
    <groups>
      <group name="SUV">
        <method signature="TestNG_Grouping.BMWX3()[pri:0, instance:com.expedia.flightsbooking.TestNG_Grouping@31304f14]" name="BMWX3" class="com.expedia.flightsbooking.TestNG_Grouping"/>
      </group> <!-- SUV -->
      <group name="Audi">
        <method signature="TestNG_Grouping.AudiA6()[pri:0, instance:com.expedia.flightsbooking.TestNG_Grouping@31304f14]" name="AudiA6" class="com.expedia.flightsbooking.TestNG_Grouping"/>
      </group> <!-- Audi -->
      <group name="BMW">
        <method signature="TestNG_Grouping.BMW3Series()[pri:0, instance:com.expedia.flightsbooking.TestNG_Grouping@31304f14]" name="BMW3Series" class="com.expedia.flightsbooking.TestNG_Grouping"/>
        <method signature="TestNG_Grouping.BMWX3()[pri:0, instance:com.expedia.flightsbooking.TestNG_Grouping@31304f14]" name="BMWX3" class="com.expedia.flightsbooking.TestNG_Grouping"/>
      </group> <!-- BMW -->
      <group name="Honda">
        <method signature="TestNG_Grouping.HondaAccord()[pri:0, instance:com.expedia.flightsbooking.TestNG_Grouping@31304f14]" name="HondaAccord" class="com.expedia.flightsbooking.TestNG_Grouping"/>
      </group> <!-- Honda -->
      <group name="Sedan">
        <method signature="TestNG_Grouping.AudiA6()[pri:0, instance:com.expedia.flightsbooking.TestNG_Grouping@31304f14]" name="AudiA6" class="com.expedia.flightsbooking.TestNG_Grouping"/>
        <method signature="TestNG_Grouping.BMW3Series()[pri:0, instance:com.expedia.flightsbooking.TestNG_Grouping@31304f14]" name="BMW3Series" class="com.expedia.flightsbooking.TestNG_Grouping"/>
        <method signature="TestNG_Grouping.HondaAccord()[pri:0, instance:com.expedia.flightsbooking.TestNG_Grouping@31304f14]" name="HondaAccord" class="com.expedia.flightsbooking.TestNG_Grouping"/>
      </group> <!-- Sedan -->
    </groups>
    <test started-at="2021-09-18T18:19:49 AEST" name="Command line test" finished-at="2021-09-18T18:20:09 AEST" duration-ms="19797">
      <class name="com.expedia.flightsbooking.TestNG_Grouping">
        <test-method is-config="true" signature="beforeClass()[pri:0, instance:com.expedia.flightsbooking.TestNG_Grouping@31304f14]" started-at="2021-09-18T18:19:49 AEST" name="beforeClass" finished-at="2021-09-18T18:19:49 AEST" duration-ms="9" status="PASS">
          <reporter-output>
          </reporter-output>
        </test-method> <!-- beforeClass -->
        <test-method is-config="true" signature="beforeMethod()[pri:0, instance:com.expedia.flightsbooking.TestNG_Grouping@31304f14]" started-at="2021-09-18T18:19:49 AEST" name="beforeMethod" finished-at="2021-09-18T18:19:49 AEST" duration-ms="0" status="PASS">
          <reporter-output>
          </reporter-output>
        </test-method> <!-- beforeMethod -->
        <test-method signature="AudiA6()[pri:0, instance:com.expedia.flightsbooking.TestNG_Grouping@31304f14]" started-at="2021-09-18T18:19:49 AEST" name="AudiA6" finished-at="2021-09-18T18:19:49 AEST" duration-ms="1" status="PASS">
          <reporter-output>
          </reporter-output>
        </test-method> <!-- AudiA6 -->
        <test-method is-config="true" signature="afterMethod()[pri:0, instance:com.expedia.flightsbooking.TestNG_Grouping@31304f14]" started-at="2021-09-18T18:19:49 AEST" name="afterMethod" finished-at="2021-09-18T18:19:49 AEST" duration-ms="0" status="PASS">
          <reporter-output>
          </reporter-output>
        </test-method> <!-- afterMethod -->
        <test-method is-config="true" signature="beforeMethod()[pri:0, instance:com.expedia.flightsbooking.TestNG_Grouping@31304f14]" started-at="2021-09-18T18:19:49 AEST" name="beforeMethod" finished-at="2021-09-18T18:19:49 AEST" duration-ms="1" status="PASS">
          <reporter-output>
          </reporter-output>
        </test-method> <!-- beforeMethod -->
        <test-method signature="BMWX3()[pri:0, instance:com.expedia.flightsbooking.TestNG_Grouping@31304f14]" started-at="2021-09-18T18:19:49 AEST" name="BMWX3" finished-at="2021-09-18T18:19:49 AEST" duration-ms="1" status="PASS">
          <reporter-output>
          </reporter-output>
        </test-method> <!-- BMWX3 -->
        <test-method is-config="true" signature="beforeMethod()[pri:0, instance:com.expedia.flightsbooking.TestNG_Grouping@31304f14]" started-at="2021-09-18T18:19:49 AEST" name="beforeMethod" finished-at="2021-09-18T18:19:49 AEST" duration-ms="0" status="PASS">
          <reporter-output>
          </reporter-output>
        </test-method> <!-- beforeMethod -->
        <test-method is-config="true" signature="afterMethod()[pri:0, instance:com.expedia.flightsbooking.TestNG_Grouping@31304f14]" started-at="2021-09-18T18:19:49 AEST" name="afterMethod" finished-at="2021-09-18T18:19:49 AEST" duration-ms="0" status="PASS">
          <reporter-output>
          </reporter-output>
        </test-method> <!-- afterMethod -->
        <test-method signature="BMW3Series()[pri:0, instance:com.expedia.flightsbooking.TestNG_Grouping@31304f14]" started-at="2021-09-18T18:19:49 AEST" name="BMW3Series" finished-at="2021-09-18T18:19:49 AEST" duration-ms="0" status="PASS">
          <reporter-output>
          </reporter-output>
        </test-method> <!-- BMW3Series -->
        <test-method is-config="true" signature="beforeMethod()[pri:0, instance:com.expedia.flightsbooking.TestNG_Grouping@31304f14]" started-at="2021-09-18T18:19:49 AEST" name="beforeMethod" finished-at="2021-09-18T18:19:49 AEST" duration-ms="0" status="PASS">
          <reporter-output>
          </reporter-output>
        </test-method> <!-- beforeMethod -->
        <test-method signature="HondaAccord()[pri:0, instance:com.expedia.flightsbooking.TestNG_Grouping@31304f14]" started-at="2021-09-18T18:19:49 AEST" name="HondaAccord" finished-at="2021-09-18T18:19:49 AEST" duration-ms="0" status="PASS">
          <reporter-output>
          </reporter-output>
        </test-method> <!-- HondaAccord -->
        <test-method is-config="true" signature="afterMethod()[pri:0, instance:com.expedia.flightsbooking.TestNG_Grouping@31304f14]" started-at="2021-09-18T18:19:49 AEST" name="afterMethod" finished-at="2021-09-18T18:19:49 AEST" duration-ms="0" status="PASS">
          <reporter-output>
          </reporter-output>
        </test-method> <!-- afterMethod -->
        <test-method is-config="true" signature="afterMethod()[pri:0, instance:com.expedia.flightsbooking.TestNG_Grouping@31304f14]" started-at="2021-09-18T18:19:49 AEST" name="afterMethod" finished-at="2021-09-18T18:19:49 AEST" duration-ms="0" status="PASS">
          <reporter-output>
          </reporter-output>
        </test-method> <!-- afterMethod -->
        <test-method is-config="true" signature="afterClass()[pri:0, instance:com.expedia.flightsbooking.TestNG_Grouping@31304f14]" started-at="2021-09-18T18:19:49 AEST" name="afterClass" finished-at="2021-09-18T18:19:49 AEST" duration-ms="0" status="PASS">
          <reporter-output>
          </reporter-output>
        </test-method> <!-- afterClass -->
      </class> <!-- com.expedia.flightsbooking.TestNG_Grouping -->
      <class name="com.expedia.flightsbooking.TestNG_TestSuite">
        <test-method is-config="true" signature="beforeClass()[pri:0, instance:com.expedia.flightsbooking.TestNG_TestSuite@6a6cb05c]" started-at="2021-09-18T18:19:49 AEST" name="beforeClass" finished-at="2021-09-18T18:19:57 AEST" duration-ms="8017" status="PASS">
          <reporter-output>
          </reporter-output>
        </test-method> <!-- beforeClass -->
        <test-method signature="fillBasicInfo()[pri:0, instance:com.expedia.flightsbooking.TestNG_TestSuite@6a6cb05c]" started-at="2021-09-18T18:19:57 AEST" name="fillBasicInfo" finished-at="2021-09-18T18:20:07 AEST" duration-ms="10065" status="FAIL">
          <exception class="org.openqa.selenium.NoSuchElementException">
            <message>
              <![CDATA[no such element: Unable to locate element: {"method":"id","selector":"tab-flight-tab"}
  (Session info: chrome=93.0.4577.82)
  (Driver info: chromedriver=92.0.4515.43 (8c61b7e2989f2990d42f859cac71319137787cce-refs/branch-heads/4515@{#306}),platform=Windows NT 10.0.19043 x86_64) (WARNING: The server did not provide any stacktrace information)
Command duration or timeout: 10.05 seconds
For documentation on this error, please visit: http://seleniumhq.org/exceptions/no_such_element.html
Build info: version: '2.46.0', revision: '61506a4624b13675f24581e453592342b7485d71', time: '2015-06-04 10:22:50'
System info: host: 'SE_MEL_DEV06', ip: '192.168.0.10', os.name: 'Windows 10', os.arch: 'amd64', os.version: '10.0', java.version: '11.0.12'
Driver info: org.openqa.selenium.chrome.ChromeDriver
Capabilities [{mobileEmulationEnabled=false, timeouts={implicit=0, pageLoad=300000, script=30000}, hasTouchScreen=false, platform=XP, acceptSslCerts=false, goog:chromeOptions={debuggerAddress=localhost:56350}, webauthn:extension:credBlob=true, acceptInsecureCerts=false, webStorageEnabled=true, browserName=chrome, takesScreenshot=true, javascriptEnabled=true, setWindowRect=true, webauthn:extension:largeBlob=true, unexpectedAlertBehaviour=ignore, applicationCacheEnabled=false, rotatable=false, networkConnectionEnabled=false, chrome={chromedriverVersion=92.0.4515.43 (8c61b7e2989f2990d42f859cac71319137787cce-refs/branch-heads/4515@{#306}), userDataDir=C:\Users\VISHAL~1.JAI\AppData\Local\Temp\scoped_dir9100_956821035}, takesHeapSnapshot=true, pageLoadStrategy=normal, strictFileInteractability=false, databaseEnabled=false, handlesAlerts=true, version=93.0.4577.82, browserConnectionEnabled=false, proxy={}, nativeEvents=true, locationContextEnabled=true, cssSelectorsEnabled=true, webauthn:virtualAuthenticators=true}]
Session ID: 6f188c24065960b06f2aa5971d18e09a
*** Element info: {Using=id, value=tab-flight-tab}]]>
            </message>
            <full-stacktrace>
              <![CDATA[org.openqa.selenium.NoSuchElementException: no such element: Unable to locate element: {"method":"id","selector":"tab-flight-tab"}
  (Session info: chrome=93.0.4577.82)
  (Driver info: chromedriver=92.0.4515.43 (8c61b7e2989f2990d42f859cac71319137787cce-refs/branch-heads/4515@{#306}),platform=Windows NT 10.0.19043 x86_64) (WARNING: The server did not provide any stacktrace information)
Command duration or timeout: 10.05 seconds
For documentation on this error, please visit: http://seleniumhq.org/exceptions/no_such_element.html
Build info: version: '2.46.0', revision: '61506a4624b13675f24581e453592342b7485d71', time: '2015-06-04 10:22:50'
System info: host: 'SE_MEL_DEV06', ip: '192.168.0.10', os.name: 'Windows 10', os.arch: 'amd64', os.version: '10.0', java.version: '11.0.12'
Driver info: org.openqa.selenium.chrome.ChromeDriver
Capabilities [{mobileEmulationEnabled=false, timeouts={implicit=0, pageLoad=300000, script=30000}, hasTouchScreen=false, platform=XP, acceptSslCerts=false, goog:chromeOptions={debuggerAddress=localhost:56350}, webauthn:extension:credBlob=true, acceptInsecureCerts=false, webStorageEnabled=true, browserName=chrome, takesScreenshot=true, javascriptEnabled=true, setWindowRect=true, webauthn:extension:largeBlob=true, unexpectedAlertBehaviour=ignore, applicationCacheEnabled=false, rotatable=false, networkConnectionEnabled=false, chrome={chromedriverVersion=92.0.4515.43 (8c61b7e2989f2990d42f859cac71319137787cce-refs/branch-heads/4515@{#306}), userDataDir=C:\Users\VISHAL~1.JAI\AppData\Local\Temp\scoped_dir9100_956821035}, takesHeapSnapshot=true, pageLoadStrategy=normal, strictFileInteractability=false, databaseEnabled=false, handlesAlerts=true, version=93.0.4577.82, browserConnectionEnabled=false, proxy={}, nativeEvents=true, locationContextEnabled=true, cssSelectorsEnabled=true, webauthn:virtualAuthenticators=true}]
Session ID: 6f188c24065960b06f2aa5971d18e09a
*** Element info: {Using=id, value=tab-flight-tab}
at java.base/jdk.internal.reflect.NativeConstructorAccessorImpl.newInstance0(Native Method)
at java.base/jdk.internal.reflect.NativeConstructorAccessorImpl.newInstance(NativeConstructorAccessorImpl.java:62)
at java.base/jdk.internal.reflect.DelegatingConstructorAccessorImpl.newInstance(DelegatingConstructorAccessorImpl.java:45)
at java.base/java.lang.reflect.Constructor.newInstance(Constructor.java:490)
at org.openqa.selenium.remote.ErrorHandler.createThrowable(ErrorHandler.java:204)
at org.openqa.selenium.remote.ErrorHandler.throwIfResponseFailed(ErrorHandler.java:156)
at org.openqa.selenium.remote.RemoteWebDriver.execute(RemoteWebDriver.java:605)
at org.openqa.selenium.remote.RemoteWebDriver.findElement(RemoteWebDriver.java:358)
at org.openqa.selenium.remote.RemoteWebDriver.findElementById(RemoteWebDriver.java:399)
at org.openqa.selenium.By$ById.findElement(By.java:215)
at org.openqa.selenium.remote.RemoteWebDriver.findElement(RemoteWebDriver.java:350)
at pageclasses.SearchPage.navigateToFlightsTab(SearchPage.java:140)
at com.expedia.flightsbooking.TestNG_TestSuite.fillBasicInfo(TestNG_TestSuite.java:37)
at java.base/jdk.internal.reflect.NativeMethodAccessorImpl.invoke0(Native Method)
at java.base/jdk.internal.reflect.NativeMethodAccessorImpl.invoke(NativeMethodAccessorImpl.java:62)
at java.base/jdk.internal.reflect.DelegatingMethodAccessorImpl.invoke(DelegatingMethodAccessorImpl.java:43)
at java.base/java.lang.reflect.Method.invoke(Method.java:566)
at org.testng.internal.MethodInvocationHelper.invokeMethod(MethodInvocationHelper.java:133)
at org.testng.internal.TestInvoker.invokeMethod(TestInvoker.java:598)
at org.testng.internal.TestInvoker.invokeTestMethod(TestInvoker.java:173)
at org.testng.internal.MethodRunner.runInSequence(MethodRunner.java:46)
at org.testng.internal.TestInvoker$MethodInvocationAgent.invoke(TestInvoker.java:824)
at org.testng.internal.TestInvoker.invokeTestMethods(TestInvoker.java:146)
at org.testng.internal.TestMethodWorker.invokeTestMethods(TestMethodWorker.java:146)
at org.testng.internal.TestMethodWorker.run(TestMethodWorker.java:128)
at java.base/java.util.ArrayList.forEach(ArrayList.java:1541)
at org.testng.TestRunner.privateRun(TestRunner.java:794)
at org.testng.TestRunner.run(TestRunner.java:596)
at org.testng.SuiteRunner.runTest(SuiteRunner.java:377)
at org.testng.SuiteRunner.runSequentially(SuiteRunner.java:371)
at org.testng.SuiteRunner.privateRun(SuiteRunner.java:332)
at org.testng.SuiteRunner.run(SuiteRunner.java:276)
at org.testng.SuiteRunnerWorker.runSuite(SuiteRunnerWorker.java:53)
at org.testng.SuiteRunnerWorker.run(SuiteRunnerWorker.java:96)
at org.testng.TestNG.runSuitesSequentially(TestNG.java:1212)
at org.testng.TestNG.runSuitesLocally(TestNG.java:1134)
at org.testng.TestNG.runSuites(TestNG.java:1063)
at org.testng.TestNG.run(TestNG.java:1031)
at org.apache.maven.surefire.testng.TestNGExecutor.run(TestNGExecutor.java:77)
at org.apache.maven.surefire.testng.TestNGDirectoryTestSuite.executeMulti(TestNGDirectoryTestSuite.java:159)
at org.apache.maven.surefire.testng.TestNGDirectoryTestSuite.execute(TestNGDirectoryTestSuite.java:99)
at org.apache.maven.surefire.testng.TestNGProvider.invoke(TestNGProvider.java:106)
at java.base/jdk.internal.reflect.NativeMethodAccessorImpl.invoke0(Native Method)
at java.base/jdk.internal.reflect.NativeMethodAccessorImpl.invoke(NativeMethodAccessorImpl.java:62)
at java.base/jdk.internal.reflect.DelegatingMethodAccessorImpl.invoke(DelegatingMethodAccessorImpl.java:43)
at java.base/java.lang.reflect.Method.invoke(Method.java:566)
at org.apache.maven.surefire.util.ReflectionUtils.invokeMethodWithArray(ReflectionUtils.java:189)
at org.apache.maven.surefire.booter.ProviderFactory$ProviderProxy.invoke(ProviderFactory.java:165)
at org.apache.maven.surefire.booter.ProviderFactory.invokeProvider(ProviderFactory.java:85)
at org.apache.maven.surefire.booter.ForkedBooter.runSuitesInProcess(ForkedBooter.java:115)
at org.apache.maven.surefire.booter.ForkedBooter.main(ForkedBooter.java:75)
]]>
            </full-stacktrace>
          </exception> <!-- org.openqa.selenium.NoSuchElementException -->
          <reporter-output>
          </reporter-output>
        </test-method> <!-- fillBasicInfo -->
        <test-method is-config="true" signature="afterClass()[pri:0, instance:com.expedia.flightsbooking.TestNG_TestSuite@6a6cb05c]" started-at="2021-09-18T18:20:07 AEST" name="afterClass" finished-at="2021-09-18T18:20:09 AEST" duration-ms="1659" status="PASS">
          <reporter-output>
          </reporter-output>
        </test-method> <!-- afterClass -->
      </class> <!-- com.expedia.flightsbooking.TestNG_TestSuite -->
    </test> <!-- Command line test -->
  </suite> <!-- Command line suite -->
</testng-results>
